This is pdfTeX, Version 3.14159265-2.6-1.40.20 (TeX Live 2019/Debian) (preloaded format=pdflatex 2023.7.29)  4 DEC 2023 23:23
entering extended mode
 restricted \write18 enabled.
 %&-line parsing enabled.
**report-slizkov.tex
(./report-slizkov.tex
LaTeX2e <2020-02-02> patch level 2
L3 programming layer <2020-02-14>
(/usr/share/texlive/texmf-dist/tex/latex/base/article.cls
Document Class: article 2019/12/20 v1.4l Standard LaTeX document class
(/usr/share/texlive/texmf-dist/tex/latex/base/size10.clo
File: size10.clo 2019/12/20 v1.4l Standard LaTeX file (size option)
)
\c@part=\count167
\c@section=\count168
\c@subsection=\count169
\c@subsubsection=\count170
\c@paragraph=\count171
\c@subparagraph=\count172
\c@figure=\count173
\c@table=\count174
\abovecaptionskip=\skip47
\belowcaptionskip=\skip48
\bibindent=\dimen134
)
(/usr/share/texlive/texmf-dist/tex/latex/amsmath/amsmath.sty
Package: amsmath 2020/01/20 v2.17e AMS math features
\@mathmargin=\skip49

For additional information on amsmath, use the `?' option.
(/usr/share/texlive/texmf-dist/tex/latex/amsmath/amstext.sty
Package: amstext 2000/06/29 v2.01 AMS text

(/usr/share/texlive/texmf-dist/tex/latex/amsmath/amsgen.sty
File: amsgen.sty 1999/11/30 v2.0 generic functions
\@emptytoks=\toks14
\ex@=\dimen135
))
(/usr/share/texlive/texmf-dist/tex/latex/amsmath/amsbsy.sty
Package: amsbsy 1999/11/29 v1.2d Bold Symbols
\pmbraise@=\dimen136
)
(/usr/share/texlive/texmf-dist/tex/latex/amsmath/amsopn.sty
Package: amsopn 2016/03/08 v2.02 operator names
)
\inf@bad=\count175
LaTeX Info: Redefining \frac on input line 227.
\uproot@=\count176
\leftroot@=\count177
LaTeX Info: Redefining \overline on input line 389.
\classnum@=\count178
\DOTSCASE@=\count179
LaTeX Info: Redefining \ldots on input line 486.
LaTeX Info: Redefining \dots on input line 489.
LaTeX Info: Redefining \cdots on input line 610.
\Mathstrutbox@=\box45
\strutbox@=\box46
\big@size=\dimen137
LaTeX Font Info:    Redeclaring font encoding OML on input line 733.
LaTeX Font Info:    Redeclaring font encoding OMS on input line 734.
\macc@depth=\count180
\c@MaxMatrixCols=\count181
\dotsspace@=\muskip16
\c@parentequation=\count182
\dspbrk@lvl=\count183
\tag@help=\toks15
\row@=\count184
\column@=\count185
\maxfields@=\count186
\andhelp@=\toks16
\eqnshift@=\dimen138
\alignsep@=\dimen139
\tagshift@=\dimen140
\tagwidth@=\dimen141
\totwidth@=\dimen142
\lineht@=\dimen143
\@envbody=\toks17
\multlinegap=\skip50
\multlinetaggap=\skip51
\mathdisplay@stack=\toks18
LaTeX Info: Redefining \[ on input line 2859.
LaTeX Info: Redefining \] on input line 2860.
)
(/usr/share/texlive/texmf-dist/tex/latex/amsfonts/amssymb.sty
Package: amssymb 2013/01/14 v3.01 AMS font symbols

(/usr/share/texlive/texmf-dist/tex/latex/amsfonts/amsfonts.sty
Package: amsfonts 2013/01/14 v3.01 Basic AMSFonts support
\symAMSa=\mathgroup4
\symAMSb=\mathgroup5
LaTeX Font Info:    Redeclaring math symbol \hbar on input line 98.
LaTeX Font Info:    Overwriting math alphabet `\mathfrak' in version `bold'
(Font)                  U/euf/m/n --> U/euf/b/n on input line 106.
))
(/usr/share/texlive/texmf-dist/tex/latex/soul/soul.sty
Package: soul 2003/11/17 v2.4 letterspacing/underlining (mf)
\SOUL@word=\toks19
\SOUL@lasttoken=\toks20
\SOUL@cmds=\toks21
\SOUL@buffer=\toks22
\SOUL@token=\toks23
\SOUL@spaceskip=\skip52
\SOUL@ttwidth=\dimen144
\SOUL@uldp=\dimen145
\SOUL@ulht=\dimen146
)
(/usr/share/texlive/texmf-dist/tex/latex/graphics/graphicx.sty
Package: graphicx 2019/11/30 v1.2a Enhanced LaTeX Graphics (DPC,SPQR)

(/usr/share/texlive/texmf-dist/tex/latex/graphics/keyval.sty
Package: keyval 2014/10/28 v1.15 key=value parser (DPC)
\KV@toks@=\toks24
)
(/usr/share/texlive/texmf-dist/tex/latex/graphics/graphics.sty
Package: graphics 2019/11/30 v1.4a Standard LaTeX Graphics (DPC,SPQR)

(/usr/share/texlive/texmf-dist/tex/latex/graphics/trig.sty
Package: trig 2016/01/03 v1.10 sin cos tan (DPC)
)
(/usr/share/texlive/texmf-dist/tex/latex/graphics-cfg/graphics.cfg
File: graphics.cfg 2016/06/04 v1.11 sample graphics configuration
)
Package graphics Info: Driver file: pdftex.def on input line 105.

(/usr/share/texlive/texmf-dist/tex/latex/graphics-def/pdftex.def
File: pdftex.def 2018/01/08 v1.0l Graphics/color driver for pdftex
))
\Gin@req@height=\dimen147
\Gin@req@width=\dimen148
)
(/usr/share/texlive/texmf-dist/tex/latex/float/float.sty
Package: float 2001/11/08 v1.3d Float enhancements (AL)
\c@float@type=\count187
\float@exts=\toks25
\float@box=\box47
\@float@everytoks=\toks26
\@floatcapt=\box48
)
(/usr/share/texlive/texmf-dist/tex/latex/caption/caption.sty
Package: caption 2020/01/03 v3.4h Customizing captions (AR)

(/usr/share/texlive/texmf-dist/tex/latex/caption/caption3.sty
Package: caption3 2020/01/03 v1.8h caption3 kernel (AR)
Package caption3 Info: TeX engine: e-TeX on input line 61.
\captionmargin=\dimen149
\captionmargin@=\dimen150
\captionwidth=\dimen151
\caption@tempdima=\dimen152
\caption@indent=\dimen153
\caption@parindent=\dimen154
\caption@hangindent=\dimen155
Package caption Info: Standard document class detected.
)
\c@caption@flags=\count188
\c@continuedfloat=\count189
Package caption Info: float package is loaded.
)
(/usr/share/texlive/texmf-dist/tex/latex/caption/subcaption.sty
Package: subcaption 2020/01/22 v1.3d Sub-captions (AR)
\c@subfigure=\count190
\c@subtable=\count191
)
(/usr/share/texlive/texmf-dist/tex/latex/l3backend/l3backend-pdfmode.def
File: l3backend-pdfmode.def 2020-02-03 L3 backend support: PDF mode
\l__kernel_color_stack_int=\count192
\l__pdf_internal_box=\box49
)
(./report-slizkov.aux

LaTeX Warning: Label `fig:hifigan-discriminators' multiply defined.


LaTeX Warning: Label `fig:hifigan-loss-functions' multiply defined.


LaTeX Warning: Label `fig:hifigan-discriminators' multiply defined.


LaTeX Warning: Label `fig:hifigan-loss-functions' multiply defined.

)
\openout1 = `report-slizkov.aux'.

LaTeX Font Info:    Checking defaults for OML/cmm/m/it on input line 6.
LaTeX Font Info:    ... okay on input line 6.
LaTeX Font Info:    Checking defaults for OMS/cmsy/m/n on input line 6.
LaTeX Font Info:    ... okay on input line 6.
LaTeX Font Info:    Checking defaults for OT1/cmr/m/n on input line 6.
LaTeX Font Info:    ... okay on input line 6.
LaTeX Font Info:    Checking defaults for T1/cmr/m/n on input line 6.
LaTeX Font Info:    ... okay on input line 6.
LaTeX Font Info:    Checking defaults for TS1/cmr/m/n on input line 6.
LaTeX Font Info:    ... okay on input line 6.
LaTeX Font Info:    Checking defaults for OMX/cmex/m/n on input line 6.
LaTeX Font Info:    ... okay on input line 6.
LaTeX Font Info:    Checking defaults for U/cmr/m/n on input line 6.
LaTeX Font Info:    ... okay on input line 6.
 (/usr/share/texlive/texmf-dist/tex/context/base/mkii/supp-pdf.mkii
[Loading MPS to PDF converter (version 2006.09.02).]
\scratchcounter=\count193
\scratchdimen=\dimen156
\scratchbox=\box50
\nofMPsegments=\count194
\nofMParguments=\count195
\everyMPshowfont=\toks27
\MPscratchCnt=\count196
\MPscratchDim=\dimen157
\MPnumerator=\count197
\makeMPintoPDFobject=\count198
\everyMPtoPDFconversion=\toks28
) (/usr/share/texlive/texmf-dist/tex/latex/epstopdf-pkg/epstopdf-base.sty
Package: epstopdf-base 2020-01-24 v2.11 Base part for package epstopdf
Package epstopdf-base Info: Redefining graphics rule for `.eps' on input line 4
85.

(/usr/share/texlive/texmf-dist/tex/latex/latexconfig/epstopdf-sys.cfg
File: epstopdf-sys.cfg 2010/07/13 v1.3 Configuration of (r)epstopdf for TeX Liv
e
))
Package caption Info: Begin \AtBeginDocument code.
Package caption Info: End \AtBeginDocument code.
LaTeX Font Info:    Font shape `OT1/cmtt/bx/n' in size <14.4> not available
(Font)              Font shape `OT1/cmtt/m/n' tried instead on input line 17.

[1

{/var/lib/texmf/fonts/map/pdftex/updmap/pdftex.map}] [2]
LaTeX Font Info:    Font shape `OT1/cmtt/bx/n' in size <12> not available
(Font)              Font shape `OT1/cmtt/m/n' tried instead on input line 102.
 [3]
Overfull \hbox (7.05112pt too wide) in paragraph at lines 131--132
[]\OT1/cmr/bx/n/10 Residual Con-nec-tions: \OT1/cmr/m/n/10 The in-put sig-nal i
s suc-ces-sively pro-cessed through
 []

[4]
<hifigan-blocks.png, id=22, 398.48875pt x 220.825pt>
File: hifigan-blocks.png Graphic file (type png)
<use hifigan-blocks.png>
Package pdftex.def Info: hifigan-blocks.png  used on input line 181.
(pdftex.def)             Requested size: 276.00105pt x 152.95233pt.
 [5 <./hifigan-blocks.png>] [6]
<hifigan-generator.png, id=31, 678.535pt x 227.85126pt>
File: hifigan-generator.png Graphic file (type png)
<use hifigan-generator.png>
Package pdftex.def Info: hifigan-generator.png  used on input line 231.
(pdftex.def)             Requested size: 345.0pt x 115.84796pt.
 [7 <./hifigan-generator.png>]
<hifigan-discriminators.png, id=37, 625.33624pt x 288.07625pt>
File: hifigan-discriminators.png Graphic file (type png)
<use hifigan-discriminators.png>
Package pdftex.def Info: hifigan-discriminators.png  used on input line 277.
(pdftex.def)             Requested size: 345.0pt x 158.93472pt.
 [8 <./hifigan-discriminators.png>]
File: hifigan-discriminators.png Graphic file (type png)
<use hifigan-discriminators.png>
Package pdftex.def Info: hifigan-discriminators.png  used on input line 318.
(pdftex.def)             Requested size: 345.0pt x 158.93472pt.
 [9]
Overfull \hbox (4.91739pt too wide) in paragraph at lines 339--340
\OT1/cmr/m/n/10 ears|the Hi-FiDis-crim-i-na-tor-Mul-ti-Period and Hi-FiDis-crim
-i-na-tor-Mul-ti-Scale,
 []


Overfull \hbox (0.50099pt too wide) in paragraph at lines 349--350
[]\OT1/cmr/bx/n/10 Discriminator Eval-u-a-tion: \OT1/cmr/m/n/10 The dual dis-cr
im-i-na-tors then take the stage,
 []

[10]
Overfull \hbox (1.56923pt too wide) in paragraph at lines 379--380
[]\OT1/cmr/bx/n/10 Intuitive In-ter-pre-ta-tion: \OT1/cmr/m/n/10 Each layer of 
dis-crim-i-na-tor out-put con-tributes
 []

[11]
Overfull \hbox (5.11174pt too wide) in paragraph at lines 409--410
\OT1/cmr/m/n/10 in the pre-dicted and tar-get spec-tro-grams|maintains the gen-
er-a-tor's tempo,
 []

<hifigan-loss-functions.png, id=51, 583.17876pt x 90.3375pt>
File: hifigan-loss-functions.png Graphic file (type png)
<use hifigan-loss-functions.png>
Package pdftex.def Info: hifigan-loss-functions.png  used on input line 418.
(pdftex.def)             Requested size: 345.0pt x 53.44339pt.
[12 <./hifigan-loss-functions.png>]
Overfull \hbox (28.76721pt too wide) in paragraph at lines 460--461
\OT1/cmr/m/n/10 both real and fake au-dio. These in-sights ([][]\OT1/cmtt/m/n/1
0 mean_disc1_on_real[]\OT1/cmr/m/n/10 , [][]\OT1/cmtt/m/n/10 mean_disc1_on_fake
[]\OT1/cmr/m/n/10 ,
 []

File: hifigan-loss-functions.png Graphic file (type png)
<use hifigan-loss-functions.png>
Package pdftex.def Info: hifigan-loss-functions.png  used on input line 468.
(pdftex.def)             Requested size: 345.0pt x 53.44339pt.

Overfull \hbox (21.90494pt too wide) in paragraph at lines 478--478
[]\OT1/cmr/bx/n/14.4 Data Col-la-tion for Deep Learn-ing: \OT1/cmtt/m/n/14.4 nv
[]collate[]fn 
 []

[13]
Overfull \hbox (8.40062pt too wide) in paragraph at lines 495--496
[]\OT1/cmr/bx/n/10 Dataset-Specific Logic: \OT1/cmr/m/n/10 This dis-patcher fun
c-tion, \OT1/cmtt/m/n/10 get[]collate[]fn\OT1/cmr/m/n/10 , serves
 []


Overfull \hbox (14.61166pt too wide) in paragraph at lines 497--498
\OT1/cmr/m/n/10 with an ASR-specific col-late func-tion, while LJSpeech-Dataset
 or VocoderTest-
 []

[14] [15] [16]
Overfull \hbox (25.94608pt too wide) in paragraph at lines 612--613
\OT1/cmr/m/n/10 Taking a closer look at the two piv-otal meth-ods of the \OT1/c
mtt/m/n/10 NVTrainer \OT1/cmr/m/n/10 class: \OT1/cmtt/m/n/10 process[]batch
 []

LaTeX Font Info:    Font shape `OT1/cmtt/bx/n' in size <10> not available
(Font)              Font shape `OT1/cmtt/m/n' tried instead on input line 614.
[17] [18] [19]
File: hifigan-generator.png Graphic file (type png)
<use hifigan-generator.png>
Package pdftex.def Info: hifigan-generator.png  used on input line 701.
(pdftex.def)             Requested size: 207.0021pt x 69.51016pt.
File: hifigan-discriminators.png Graphic file (type png)
<use hifigan-discriminators.png>
Package pdftex.def Info: hifigan-discriminators.png  used on input line 708.
(pdftex.def)             Requested size: 207.0021pt x 95.35995pt.
File: hifigan-loss-functions.png Graphic file (type png)
<use hifigan-loss-functions.png>
Package pdftex.def Info: hifigan-loss-functions.png  used on input line 715.
(pdftex.def)             Requested size: 207.0021pt x 32.0652pt.
<total-loss-train.png, id=79, 2537.48pt x 1332.98pt>
File: total-loss-train.png Graphic file (type png)
<use total-loss-train.png>
Package pdftex.def Info: total-loss-train.png  used on input line 734.
(pdftex.def)             Requested size: 345.0pt x 181.22592pt.
LaTeX Font Info:    Trying to load font information for U+msa on input line 737
.
 (/usr/share/texlive/texmf-dist/tex/latex/amsfonts/umsa.fd
File: umsa.fd 2013/01/14 v3.01 AMS symbols A
)
LaTeX Font Info:    Trying to load font information for U+msb on input line 737
.

(/usr/share/texlive/texmf-dist/tex/latex/amsfonts/umsb.fd
File: umsb.fd 2013/01/14 v3.01 AMS symbols B
)
<total-loss-val.png, id=80, 2537.48pt x 1332.98pt>
File: total-loss-val.png Graphic file (type png)
<use total-loss-val.png>
Package pdftex.def Info: total-loss-val.png  used on input line 741.
(pdftex.def)             Requested size: 345.0pt x 181.22592pt.
 [20

]
<learning-rate-train.png, id=84, 2537.48pt x 1332.98pt>
File: learning-rate-train.png Graphic file (type png)
<use learning-rate-train.png>
Package pdftex.def Info: learning-rate-train.png  used on input line 752.
(pdftex.def)             Requested size: 345.0pt x 181.22592pt.
 [21 <./total-loss-train.png> <./total-loss-val.png>]
<mean-disc1-on-real-train.png, id=91, 2537.48pt x 1332.98pt>
File: mean-disc1-on-real-train.png Graphic file (type png)
<use mean-disc1-on-real-train.png>
Package pdftex.def Info: mean-disc1-on-real-train.png  used on input line 765.
(pdftex.def)             Requested size: 137.9979pt x 72.49037pt.
<mean-disc1-on-fake-train.png, id=92, 2537.48pt x 1332.98pt>
File: mean-disc1-on-fake-train.png Graphic file (type png)
<use mean-disc1-on-fake-train.png>
Package pdftex.def Info: mean-disc1-on-fake-train.png  used on input line 766.
(pdftex.def)             Requested size: 137.9979pt x 72.49037pt.
<mean-disc1-on-real-val.png, id=93, 2537.48pt x 1332.98pt>
File: mean-disc1-on-real-val.png Graphic file (type png)
<use mean-disc1-on-real-val.png>
Package pdftex.def Info: mean-disc1-on-real-val.png  used on input line 767.
(pdftex.def)             Requested size: 137.9979pt x 72.49037pt.
<mean-disc1-on-fake-val.png, id=94, 2537.48pt x 1332.98pt>
File: mean-disc1-on-fake-val.png Graphic file (type png)
<use mean-disc1-on-fake-val.png>
Package pdftex.def Info: mean-disc1-on-fake-val.png  used on input line 769.
(pdftex.def)             Requested size: 137.9979pt x 72.49037pt.
<mean-disc2-on-real-train.png, id=95, 2537.48pt x 1332.98pt>
File: mean-disc2-on-real-train.png Graphic file (type png)
<use mean-disc2-on-real-train.png>
Package pdftex.def Info: mean-disc2-on-real-train.png  used on input line 770.
(pdftex.def)             Requested size: 137.9979pt x 72.49037pt.
<mean-disc2-on-fake-train.png, id=96, 2537.48pt x 1332.98pt>
File: mean-disc2-on-fake-train.png Graphic file (type png)
<use mean-disc2-on-fake-train.png>
Package pdftex.def Info: mean-disc2-on-fake-train.png  used on input line 771.
(pdftex.def)             Requested size: 137.9979pt x 72.49037pt.
<mean-disc2-on-real-val.png, id=97, 2537.48pt x 1332.98pt>
File: mean-disc2-on-real-val.png Graphic file (type png)
<use mean-disc2-on-real-val.png>
Package pdftex.def Info: mean-disc2-on-real-val.png  used on input line 773.
(pdftex.def)             Requested size: 137.9979pt x 72.49037pt.
<mean-disc2-on-fake-val.png, id=98, 2537.48pt x 1332.98pt>
File: mean-disc2-on-fake-val.png Graphic file (type png)
<use mean-disc2-on-fake-val.png>
Package pdftex.def Info: mean-disc2-on-fake-val.png  used on input line 774.
(pdftex.def)             Requested size: 137.9979pt x 72.49037pt.

Overfull \hbox (104.99373pt too wide) in paragraph at lines 764--776
 [][] 
 []

<loss-gen1-train.png, id=99, 2537.48pt x 1332.98pt>
File: loss-gen1-train.png Graphic file (type png)
<use loss-gen1-train.png>
Package pdftex.def Info: loss-gen1-train.png  used on input line 783.
(pdftex.def)             Requested size: 137.9979pt x 72.49037pt.
<loss-gen2-train.png, id=100, 2537.48pt x 1332.98pt>
File: loss-gen2-train.png Graphic file (type png)
<use loss-gen2-train.png>
Package pdftex.def Info: loss-gen2-train.png  used on input line 784.
(pdftex.def)             Requested size: 137.9979pt x 72.49037pt.
<loss-gen1-val.png, id=101, 2537.48pt x 1332.98pt>
File: loss-gen1-val.png Graphic file (type png)
<use loss-gen1-val.png>
Package pdftex.def Info: loss-gen1-val.png  used on input line 786.
(pdftex.def)             Requested size: 137.9979pt x 72.49037pt.
<loss-gen2-val.png, id=102, 2537.48pt x 1332.98pt>
File: loss-gen2-val.png Graphic file (type png)
<use loss-gen2-val.png>
Package pdftex.def Info: loss-gen2-val.png  used on input line 787.
(pdftex.def)             Requested size: 137.9979pt x 72.49037pt.
[22 <./learning-rate-train.png> <./mean-disc1-on-real-train.png> <./mean-disc1-
on-fake-train.png> <./mean-disc1-on-real-val.png> <./mean-disc1-on-fake-val.png
> <./mean-disc2-on-real-train.png> <./mean-disc2-on-fake-train.png> <./mean-dis
c2-on-real-val.png> <./mean-disc2-on-fake-val.png>] [23 <./loss-gen1-train.png>
 <./loss-gen2-train.png> <./loss-gen1-val.png> <./loss-gen2-val.png>]
<meme-deadline-shift.jpg, id=122, 1084.05pt x 418.56375pt>
File: meme-deadline-shift.jpg Graphic file (type jpg)
<use meme-deadline-shift.jpg>
Package pdftex.def Info: meme-deadline-shift.jpg  used on input line 810.
(pdftex.def)             Requested size: 276.00105pt x 106.56308pt.
<meme-stay-back.jpg, id=123, 601.24625pt x 462.72874pt>
File: meme-stay-back.jpg Graphic file (type jpg)
<use meme-stay-back.jpg>
Package pdftex.def Info: meme-stay-back.jpg  used on input line 817.
(pdftex.def)             Requested size: 276.00105pt x 212.42004pt.
<meme-shrek-plane.jpg, id=124, 631.35875pt x 631.35875pt>
File: meme-shrek-plane.jpg Graphic file (type jpg)
<use meme-shrek-plane.jpg>
Package pdftex.def Info: meme-shrek-plane.jpg  used on input line 824.
(pdftex.def)             Requested size: 276.00105pt x 276.00684pt.
<meme-diamonds.jpg, id=125, 511.9125pt x 390.45876pt>
File: meme-diamonds.jpg Graphic file (type jpg)
<use meme-diamonds.jpg>
Package pdftex.def Info: meme-diamonds.jpg  used on input line 831.
(pdftex.def)             Requested size: 276.00105pt x 210.51689pt.
<meme-brainwashed.jpg, id=126, 1033.8625pt x 1060.96375pt>
File: meme-brainwashed.jpg Graphic file (type jpg)
<use meme-brainwashed.jpg>
Package pdftex.def Info: meme-brainwashed.jpg  used on input line 838.
(pdftex.def)             Requested size: 276.00105pt x 283.22624pt.
<meme-are-ya-winning.jpg, id=127, 1084.05pt x 892.33376pt>
File: meme-are-ya-winning.jpg Graphic file (type jpg)
<use meme-are-ya-winning.jpg>
Package pdftex.def Info: meme-are-ya-winning.jpg  used on input line 845.
(pdftex.def)             Requested size: 276.00105pt x 227.18127pt.
<meme-cern-paper.png, id=128, 765.86125pt x 915.42pt>
File: meme-cern-paper.png Graphic file (type png)
<use meme-cern-paper.png>
Package pdftex.def Info: meme-cern-paper.png  used on input line 852.
(pdftex.def)             Requested size: 276.00105pt x 329.90015pt.
<meme-time-travel.jpg, id=129, 710.655pt x 719.68875pt>
File: meme-time-travel.jpg Graphic file (type jpg)
<use meme-time-travel.jpg>
Package pdftex.def Info: meme-time-travel.jpg  used on input line 859.
(pdftex.def)             Requested size: 276.00105pt x 279.51344pt.
<meme-conflicts.jpg, id=130, 451.6875pt x 246.1697pt>
File: meme-conflicts.jpg Graphic file (type jpg)
<use meme-conflicts.jpg>
Package pdftex.def Info: meme-conflicts.jpg  used on input line 866.
(pdftex.def)             Requested size: 276.00105pt x 150.42998pt.
<meme-training-loop.jpg, id=131, 891.33pt x 500.87125pt>
File: meme-training-loop.jpg Graphic file (type jpg)
<use meme-training-loop.jpg>
Package pdftex.def Info: meme-training-loop.jpg  used on input line 873.
(pdftex.def)             Requested size: 276.00105pt x 155.0927pt.
<meme-fork.jpg, id=132, 673.51625pt x 501.875pt>
File: meme-fork.jpg Graphic file (type jpg)
<use meme-fork.jpg>
Package pdftex.def Info: meme-fork.jpg  used on input line 880.
(pdftex.def)             Requested size: 276.00105pt x 205.66286pt.
<meme-wrong-meme.jpg, id=133, 1084.05pt x 1653.17625pt>
File: meme-wrong-meme.jpg Graphic file (type jpg)
<use meme-wrong-meme.jpg>
Package pdftex.def Info: meme-wrong-meme.jpg  used on input line 887.
(pdftex.def)             Requested size: 276.00105pt x 420.8859pt.
<meme-transformer.png, id=134, 631.35875pt x 631.35875pt>
File: meme-transformer.png Graphic file (type png)
<use meme-transformer.png>
Package pdftex.def Info: meme-transformer.png  used on input line 894.
(pdftex.def)             Requested size: 276.00105pt x 276.00684pt.
<meme-danger-genius.jpg, id=135, 857.2025pt x 1284.8pt>
File: meme-danger-genius.jpg Graphic file (type jpg)
<use meme-danger-genius.jpg>
Package pdftex.def Info: meme-danger-genius.jpg  used on input line 901.
(pdftex.def)             Requested size: 276.00105pt x 413.67337pt.
<meme-problem.jpg, id=136, 642.4pt x 642.4pt>
File: meme-problem.jpg Graphic file (type jpg)
<use meme-problem.jpg>
Package pdftex.def Info: meme-problem.jpg  used on input line 908.
(pdftex.def)             Requested size: 276.00105pt x 276.01097pt.
<meme-scam-banks.jpeg, id=137, 1084.05pt x 1585.925pt>
File: meme-scam-banks.jpeg Graphic file (type jpg)
<use meme-scam-banks.jpeg>
Package pdftex.def Info: meme-scam-banks.jpeg  used on input line 915.
(pdftex.def)             Requested size: 276.00105pt x 403.76425pt.
<meme-tennis.png, id=138, 504.88625pt x 631.35875pt>
File: meme-tennis.png Graphic file (type png)
<use meme-tennis.png>
Package pdftex.def Info: meme-tennis.png  used on input line 922.
(pdftex.def)             Requested size: 276.00105pt x 345.1386pt.
<meme-time-to-go.png, id=139, 666.49pt x 655.44875pt>
File: meme-time-to-go.png Graphic file (type png)
<use meme-time-to-go.png>
Package pdftex.def Info: meme-time-to-go.png  used on input line 929.
(pdftex.def)             Requested size: 276.00105pt x 271.43608pt.
<meme-two-headed-camel.png, id=140, 513.92pt x 513.92pt>
File: meme-two-headed-camel.png Graphic file (type png)
<use meme-two-headed-camel.png>
Package pdftex.def Info: meme-two-headed-camel.png  used on input line 936.
(pdftex.def)             Requested size: 276.00105pt x 276.00703pt.
 [24

 <./meme-deadline-shift.jpg> <./meme-stay-back.jpg>] [25 <./meme-shrek-plane.jp
g> <./meme-diamonds.jpg>] [26 <./meme-brainwashed.jpg> <./meme-are-ya-winning.j
pg>]
[27 <./meme-cern-paper.png>] [28 <./meme-time-travel.jpg> <./meme-conflicts.jpg
>] [29 <./meme-training-loop.jpg> <./meme-fork.jpg>] [30 <./meme-wrong-meme.jpg
>] [31 <./meme-transformer.png>] [32 <./meme-danger-genius.jpg>] [33 <./meme-pr
oblem.jpg>] [34 <./meme-scam-banks.jpeg>] [35 <./meme-tennis.png (PNG copy)>]
[36 <./meme-time-to-go.png> <./meme-two-headed-camel.png (PNG copy)>]
<meme-half-snake.jpg, id=185, 513.92pt x 513.92pt>
File: meme-half-snake.jpg Graphic file (type jpg)
<use meme-half-snake.jpg>
Package pdftex.def Info: meme-half-snake.jpg  used on input line 945.
(pdftex.def)             Requested size: 276.00105pt x 276.00703pt.
<meme-delete-branch.jpg, id=186, 688.82344pt x 71.51718pt>
File: meme-delete-branch.jpg Graphic file (type jpg)
<use meme-delete-branch.jpg>
Package pdftex.def Info: meme-delete-branch.jpg  used on input line 952.
(pdftex.def)             Requested size: 276.00105pt x 28.65546pt.
<meme-horseriders.png, id=187, 420.57124pt x 631.35875pt>
File: meme-horseriders.png Graphic file (type png)
<use meme-horseriders.png>
Package pdftex.def Info: meme-horseriders.png  used on input line 959.
(pdftex.def)             Requested size: 276.00105pt x 414.3378pt.
<meme-cloudy-clouds.jpg, id=188, 947.54pt x 631.35875pt>
File: meme-cloudy-clouds.jpg Graphic file (type jpg)
<use meme-cloudy-clouds.jpg>
Package pdftex.def Info: meme-cloudy-clouds.jpg  used on input line 966.
(pdftex.def)             Requested size: 276.00105pt x 183.89857pt.
<meme-spam-drink.jpg, id=189, 991.705pt x 631.35875pt>
File: meme-spam-drink.jpg Graphic file (type jpg)
<use meme-spam-drink.jpg>
Package pdftex.def Info: meme-spam-drink.jpg  used on input line 973.
(pdftex.def)             Requested size: 276.00105pt x 175.7099pt.
<meme-good-design.jpg, id=190, 947.54pt x 631.35875pt>
File: meme-good-design.jpg Graphic file (type jpg)
<use meme-good-design.jpg>
Package pdftex.def Info: meme-good-design.jpg  used on input line 980.
(pdftex.def)             Requested size: 276.00105pt x 183.89857pt.
<meme-finally-won.jpeg, id=191, 963.6pt x 949.5475pt>
File: meme-finally-won.jpeg Graphic file (type jpg)
<use meme-finally-won.jpeg>
Package pdftex.def Info: meme-finally-won.jpeg  used on input line 987.
(pdftex.def)             Requested size: 276.00105pt x 271.97131pt.
 [37

 <./meme-half-snake.jpg> <./meme-delete-branch.jpg>] [38 <./meme-horseriders.pn
g (PNG copy)>] [39 <./meme-cloudy-clouds.jpg> <./meme-spam-drink.jpg> <./meme-g
ood-design.jpg>] [40 <./meme-finally-won.jpeg>] (./report-slizkov.aux)

LaTeX Warning: There were multiply-defined labels.

 ) 
Here is how much of TeX's memory you used:
 3985 strings out of 481239
 60739 string characters out of 5920377
 290771 words of memory out of 5000000
 19193 multiletter control sequences out of 15000+600000
 537008 words of font info for 43 fonts, out of 8000000 for 9000
 1141 hyphenation exceptions out of 8191
 41i,11n,42p,523b,448s stack positions out of 5000i,500n,10000p,200000b,80000s
{/usr/share/texmf/fonts/enc/dvips/cm-super/cm-super-ts1.enc}</usr/share/texli
ve/texmf-dist/fonts/type1/public/amsfonts/cm/cmbx10.pfb></usr/share/texlive/tex
mf-dist/fonts/type1/public/amsfonts/cm/cmbx12.pfb></usr/share/texlive/texmf-dis
t/fonts/type1/public/amsfonts/cm/cmr10.pfb></usr/share/texlive/texmf-dist/fonts
/type1/public/amsfonts/cm/cmr12.pfb></usr/share/texlive/texmf-dist/fonts/type1/
public/amsfonts/cm/cmr9.pfb></usr/share/texlive/texmf-dist/fonts/type1/public/a
msfonts/cm/cmtt10.pfb></usr/share/texlive/texmf-dist/fonts/type1/public/amsfont
s/cm/cmtt12.pfb></usr/share/texmf/fonts/type1/public/cm-super/sfrm1000.pfb>
Output written on report-slizkov.pdf (40 pages, 4953865 bytes).
PDF statistics:
 236 PDF objects out of 1000 (max. 8388607)
 117 compressed objects within 2 object streams
 0 named destinations out of 1000 (max. 500000)
 226 words of extra memory for PDF output out of 10000 (max. 10000000)

